<?xml version="1.0" encoding="UTF-8"?>
<testsuite xmlns:xsi="http://www.w3.org/2001/XMLSchema-instance" xsi:noNamespaceSchemaLocation="https://maven.apache.org/surefire/maven-surefire-plugin/xsd/surefire-test-report.xsd" name="com.techm.poc.DCAEUnitTest" time="71,317.785" tests="11" errors="1" skipped="0" failures="4">
  <properties>
    <property name="java.runtime.name" value="Java(TM) SE Runtime Environment"/>
    <property name="sun.boot.library.path" value="C:\Program Files (x86)\Java\jdk1.8.0_141\jre\bin"/>
    <property name="java.vm.version" value="25.141-b15"/>
    <property name="java.vm.vendor" value="Oracle Corporation"/>
    <property name="maven.multiModuleProjectDirectory" value="C:\OsCARTest\DCAEUnitTest"/>
    <property name="java.vendor.url" value="http://java.oracle.com/"/>
    <property name="path.separator" value=";"/>
    <property name="guice.disable.misplaced.annotation.check" value="true"/>
    <property name="java.vm.name" value="Java HotSpot(TM) Client VM"/>
    <property name="file.encoding.pkg" value="sun.io"/>
    <property name="user.script" value=""/>
    <property name="user.country" value="US"/>
    <property name="sun.java.launcher" value="SUN_STANDARD"/>
    <property name="sun.os.patch.level" value="Service Pack 1"/>
    <property name="java.vm.specification.name" value="Java Virtual Machine Specification"/>
    <property name="user.dir" value="C:\OsCARTest\DCAEUnitTest"/>
    <property name="java.runtime.version" value="1.8.0_141-b15"/>
    <property name="java.awt.graphicsenv" value="sun.awt.Win32GraphicsEnvironment"/>
    <property name="basedir" value="C:\OsCARTest\DCAEUnitTest"/>
    <property name="java.endorsed.dirs" value="C:\Program Files (x86)\Java\jdk1.8.0_141\jre\lib\endorsed"/>
    <property name="os.arch" value="x86"/>
    <property name="java.io.tmpdir" value="C:\Users\ad707g\AppData\Local\Temp\"/>
    <property name="line.separator" value="&#10;"/>
    <property name="java.vm.specification.vendor" value="Oracle Corporation"/>
    <property name="user.variant" value=""/>
    <property name="os.name" value="Windows 7"/>
    <property name="classworlds.conf" value="C:\Program Files\apache-maven-3.5.0\bin\..\bin\m2.conf"/>
    <property name="sun.jnu.encoding" value="Cp1252"/>
    <property name="java.library.path" value="C:\Program Files (x86)\Java\jdk1.8.0_141\bin;C:\Windows\Sun\Java\bin;C:\Windows\system32;C:\Windows;C:\Program Files (x86)\Java\jdk1.8.0_141/bin;C:\Program Files (x86)\Java\jdk1.8.0_141/bin;C:\ProgramData\Oracle\Java\javapath;C:\Python27\;C:\Python27\Scripts;C:\jython2.7.0\bin;C:\Python27\Tools\Scripts;C:\oracle\instantclient_12_2\;C:\Program Files\Common Files\Microsoft Shared\Microsoft Online Services;C:\Program Files (x86)\Common Files\Microsoft Shared\Microsoft Online Services;C:\Program Files (x86)\RSA SecurID Token Common;C:\Program Files (x86)\Java\jre7\bin;C:\Windows\system32;C:\Windows\;C:\Windows\system32\Wbem;C:\Windows\system32\WindowsPowerShell\v1.0\;C:\Program Files (x86)\PuTTY;C:\Program Files\1E\NomadBranch\;C:\Program Files\TortoiseSVN\bin;C:\Program Files (x86)\Enterprise Vault\EVClient\;C:\automation\iAFSelenium_Sikuli_V2\Libraries\libs;C:\automation\iAFSelenium_Sikuli_V2\Libraries\libs;C:\automation\iAFSelenium_Sikuli_V2\Sikuli\libs;bin;C:\Program Files (x86)\Java\jdk1.7.0_55\bin;C:\Windows\System32\WindowsPowerShell\v1.0\;C:\Program Files\apache-maven-3.5.0\bin;C:\Program Files (x86)\Java\jdk1.7.0_55\bin;C:\Users\ad707g\.gradle\wrapper\dists\gradle-2.13-bin\4xsgxlfjcxvrea7akf941nvc7\gradle-2.13\bin;C:\Users\ad707g\.gradle\wrapper\dists\gradle-2.10-all\a4w5fzrkeut1ox71xslb49gst\gradle-2.10\bin;C:\Program Files\Git\cmd;C:\Program Files\Java\jdk1.8.0_141;C:\Program Files (x86)\Java\jdk1.8.0_141;."/>
    <property name="surefire.test.class.path" value="C:\OsCARTest\DCAEUnitTest\target\test-classes;C:\OsCARTest\DCAEUnitTest\target\classes;C:\Users\ad707g\.m2\repository\org\apache\geronimo\javamail\geronimo-javamail_1.4_mail\1.3\geronimo-javamail_1.4_mail-1.3.jar;C:\Users\ad707g\.m2\repository\javax\jms\javax.jms-api\2.0\javax.jms-api-2.0.jar;C:\Users\ad707g\.m2\repository\org\easetech\easytest-core\1.4.0\easytest-core-1.4.0.jar;C:\Users\ad707g\.m2\repository\org\slf4j\slf4j-api\1.6.1\slf4j-api-1.6.1.jar;C:\Users\ad707g\.m2\repository\log4j\log4j\1.2.15\log4j-1.2.15.jar;C:\Users\ad707g\.m2\repository\org\slf4j\slf4j-log4j12\1.6.1\slf4j-log4j12-1.6.1.jar;C:\Users\ad707g\.m2\repository\org\slf4j\jcl-over-slf4j\1.6.1\jcl-over-slf4j-1.6.1.jar;C:\Users\ad707g\.m2\repository\net\sourceforge\javacsv\javacsv\2.0\javacsv-2.0.jar;C:\Users\ad707g\.m2\repository\javax\xml\jsr173\1.0\jsr173-1.0.jar;C:\Users\ad707g\.m2\repository\com\sun\xml\bind\jaxb-xjc\2.2.6\jaxb-xjc-2.2.6.jar;C:\Users\ad707g\.m2\repository\javaee\javaee-api\5\javaee-api-5.jar;C:\Users\ad707g\.m2\repository\org\apache\poi\poi\3.8\poi-3.8.jar;C:\Users\ad707g\.m2\repository\commons-codec\commons-codec\1.5\commons-codec-1.5.jar;C:\Users\ad707g\.m2\repository\org\apache\poi\poi-examples\3.8\poi-examples-3.8.jar;C:\Users\ad707g\.m2\repository\org\apache\poi\poi-scratchpad\3.8\poi-scratchpad-3.8.jar;C:\Users\ad707g\.m2\repository\org\apache\poi\poi-ooxml\3.8\poi-ooxml-3.8.jar;C:\Users\ad707g\.m2\repository\org\apache\poi\poi-ooxml-schemas\3.8\poi-ooxml-schemas-3.8.jar;C:\Users\ad707g\.m2\repository\org\apache\xmlbeans\xmlbeans\2.3.0\xmlbeans-2.3.0.jar;C:\Users\ad707g\.m2\repository\stax\stax-api\1.0.1\stax-api-1.0.1.jar;C:\Users\ad707g\.m2\repository\dom4j\dom4j\1.6.1\dom4j-1.6.1.jar;C:\Users\ad707g\.m2\repository\org\jvnet\jaxb2_commons\jaxb2-basics-runtime\0.6.2\jaxb2-basics-runtime-0.6.2.jar;C:\Users\ad707g\.m2\repository\cglib\cglib\2.2.2\cglib-2.2.2.jar;C:\Users\ad707g\.m2\repository\asm\asm\3.3.1\asm-3.3.1.jar;C:\Users\ad707g\.m2\repository\commons-lang\commons-lang\2.6\commons-lang-2.6.jar;C:\Users\ad707g\.m2\repository\commons-io\commons-io\2.2\commons-io-2.2.jar;C:\Users\ad707g\.m2\repository\jfree\jfreechart\1.0.13\jfreechart-1.0.13.jar;C:\Users\ad707g\.m2\repository\jfree\jcommon\1.0.16\jcommon-1.0.16.jar;C:\Users\ad707g\.m2\repository\net\sf\jasperreports\jasperreports-fonts\4.0.0\jasperreports-fonts-4.0.0.jar;C:\Users\ad707g\.m2\repository\com\sun\xml\bind\jaxb-impl\2.2.6\jaxb-impl-2.2.6.jar;C:\Users\ad707g\.m2\repository\javax\inject\javax.inject\1\javax.inject-1.jar;C:\Users\ad707g\.m2\repository\org\codehaus\jackson\jackson-mapper-lgpl\1.9.11\jackson-mapper-lgpl-1.9.11.jar;C:\Users\ad707g\.m2\repository\org\codehaus\jackson\jackson-core-lgpl\1.9.11\jackson-core-lgpl-1.9.11.jar;C:\Users\ad707g\.m2\repository\net\sf\jasperreports\jasperreports\4.5.1\jasperreports-4.5.1.jar;C:\Users\ad707g\.m2\repository\commons-beanutils\commons-beanutils\1.8.0\commons-beanutils-1.8.0.jar;C:\Users\ad707g\.m2\repository\commons-collections\commons-collections\2.1\commons-collections-2.1.jar;C:\Users\ad707g\.m2\repository\commons-digester\commons-digester\2.1\commons-digester-2.1.jar;C:\Users\ad707g\.m2\repository\com\lowagie\itext\2.1.7\itext-2.1.7.jar;C:\Users\ad707g\.m2\repository\bouncycastle\bcmail-jdk14\138\bcmail-jdk14-138.jar;C:\Users\ad707g\.m2\repository\bouncycastle\bcprov-jdk14\138\bcprov-jdk14-138.jar;C:\Users\ad707g\.m2\repository\org\bouncycastle\bctsp-jdk14\1.38\bctsp-jdk14-1.38.jar;C:\Users\ad707g\.m2\repository\org\bouncycastle\bcprov-jdk14\1.38\bcprov-jdk14-1.38.jar;C:\Users\ad707g\.m2\repository\org\bouncycastle\bcmail-jdk14\1.38\bcmail-jdk14-1.38.jar;C:\Users\ad707g\.m2\repository\xml-apis\xml-apis\1.3.02\xml-apis-1.3.02.jar;C:\Users\ad707g\.m2\repository\eclipse\jdtcore\3.1.0\jdtcore-3.1.0.jar;C:\Users\ad707g\.m2\repository\org\codehaus\castor\castor\1.2\castor-1.2.jar;C:\Users\ad707g\.m2\repository\io\rest-assured\rest-assured\3.0.3\rest-assured-3.0.3.jar;C:\Users\ad707g\.m2\repository\org\codehaus\groovy\groovy\2.4.9\groovy-2.4.9.jar;C:\Users\ad707g\.m2\repository\org\codehaus\groovy\groovy-xml\2.4.9\groovy-xml-2.4.9.jar;C:\Users\ad707g\.m2\repository\org\apache\httpcomponents\httpclient\4.5.2\httpclient-4.5.2.jar;C:\Users\ad707g\.m2\repository\org\apache\httpcomponents\httpcore\4.4.4\httpcore-4.4.4.jar;C:\Users\ad707g\.m2\repository\commons-logging\commons-logging\1.2\commons-logging-1.2.jar;C:\Users\ad707g\.m2\repository\org\apache\httpcomponents\httpmime\4.5.1\httpmime-4.5.1.jar;C:\Users\ad707g\.m2\repository\org\ccil\cowan\tagsoup\tagsoup\1.2.1\tagsoup-1.2.1.jar;C:\Users\ad707g\.m2\repository\io\rest-assured\json-schema-validator\3.0.3\json-schema-validator-3.0.3.jar;C:\Users\ad707g\.m2\repository\com\github\fge\json-schema-validator\2.2.6\json-schema-validator-2.2.6.jar;C:\Users\ad707g\.m2\repository\com\google\code\findbugs\jsr305\3.0.0\jsr305-3.0.0.jar;C:\Users\ad707g\.m2\repository\joda-time\joda-time\2.3\joda-time-2.3.jar;C:\Users\ad707g\.m2\repository\com\googlecode\libphonenumber\libphonenumber\6.2\libphonenumber-6.2.jar;C:\Users\ad707g\.m2\repository\com\github\fge\json-schema-core\1.2.5\json-schema-core-1.2.5.jar;C:\Users\ad707g\.m2\repository\com\github\fge\uri-template\0.9\uri-template-0.9.jar;C:\Users\ad707g\.m2\repository\com\github\fge\msg-simple\1.1\msg-simple-1.1.jar;C:\Users\ad707g\.m2\repository\com\github\fge\btf\1.2\btf-1.2.jar;C:\Users\ad707g\.m2\repository\com\google\guava\guava\16.0.1\guava-16.0.1.jar;C:\Users\ad707g\.m2\repository\com\github\fge\jackson-coreutils\1.8\jackson-coreutils-1.8.jar;C:\Users\ad707g\.m2\repository\com\fasterxml\jackson\core\jackson-databind\2.2.3\jackson-databind-2.2.3.jar;C:\Users\ad707g\.m2\repository\com\fasterxml\jackson\core\jackson-annotations\2.2.3\jackson-annotations-2.2.3.jar;C:\Users\ad707g\.m2\repository\com\fasterxml\jackson\core\jackson-core\2.2.3\jackson-core-2.2.3.jar;C:\Users\ad707g\.m2\repository\org\mozilla\rhino\1.7R4\rhino-1.7R4.jar;C:\Users\ad707g\.m2\repository\javax\mail\mailapi\1.4.3\mailapi-1.4.3.jar;C:\Users\ad707g\.m2\repository\javax\activation\activation\1.1\activation-1.1.jar;C:\Users\ad707g\.m2\repository\net\sf\jopt-simple\jopt-simple\4.6\jopt-simple-4.6.jar;C:\Users\ad707g\.m2\repository\io\rest-assured\rest-assured-common\3.0.3\rest-assured-common-3.0.3.jar;C:\Users\ad707g\.m2\repository\org\apache\commons\commons-lang3\3.4\commons-lang3-3.4.jar;C:\Users\ad707g\.m2\repository\io\rest-assured\xml-path\3.0.3\xml-path-3.0.3.jar;C:\Users\ad707g\.m2\repository\io\rest-assured\json-path\3.0.3\json-path-3.0.3.jar;C:\Users\ad707g\.m2\repository\org\codehaus\groovy\groovy-json\2.4.9\groovy-json-2.4.9.jar;C:\Users\ad707g\.m2\repository\junit\junit\4.12\junit-4.12.jar;C:\Users\ad707g\.m2\repository\net\javacrumbs\json-unit\json-unit\1.17.0\json-unit-1.17.0.jar;C:\Users\ad707g\.m2\repository\net\javacrumbs\json-unit\json-unit-core\1.17.0\json-unit-core-1.17.0.jar;C:\Users\ad707g\.m2\repository\org\hamcrest\java-hamcrest\2.0.0.0\java-hamcrest-2.0.0.0.jar;C:\Users\ad707g\.m2\repository\org\hamcrest\hamcrest-core\1.3\hamcrest-core-1.3.jar;C:\Users\ad707g\.m2\repository\org\hamcrest\hamcrest-library\1.3\hamcrest-library-1.3.jar;C:\Users\ad707g\.m2\repository\org\scribe\scribe\1.3.7\scribe-1.3.7.jar;C:\Users\ad707g\.m2\repository\org\apache\maven\surefire\surefire-junit4\2.8\surefire-junit4-2.8.jar;C:\Users\ad707g\.m2\repository\org\apache\maven\surefire\surefire-api\2.8\surefire-api-2.8.jar;"/>
    <property name="maven.conf" value="C:\Program Files\apache-maven-3.5.0\bin\../conf"/>
    <property name="java.specification.name" value="Java Platform API Specification"/>
    <property name="java.class.version" value="52.0"/>
    <property name="sun.management.compiler" value="HotSpot Client Compiler"/>
    <property name="os.version" value="6.1"/>
    <property name="library.jansi.path" value="C:\Program Files\apache-maven-3.5.0\bin\..\lib\jansi-native\windows32"/>
    <property name="user.home" value="C:\Users\ad707g"/>
    <property name="user.timezone" value="America/Chicago"/>
    <property name="java.awt.printerjob" value="sun.awt.windows.WPrinterJob"/>
    <property name="java.specification.version" value="1.8"/>
    <property name="file.encoding" value="Cp1252"/>
    <property name="user.name" value="ad707g"/>
    <property name="java.class.path" value="C:\Program Files\apache-maven-3.5.0\bin\..\boot\plexus-classworlds-2.5.2.jar"/>
    <property name="org.slf4j.simpleLogger.defaultLogLevel" value="error"/>
    <property name="java.vm.specification.version" value="1.8"/>
    <property name="sun.arch.data.model" value="32"/>
    <property name="java.home" value="C:\Program Files (x86)\Java\jdk1.8.0_141\jre"/>
    <property name="sun.java.command" value="org.codehaus.plexus.classworlds.launcher.Launcher clean install surefire-report:report -q"/>
    <property name="java.specification.vendor" value="Oracle Corporation"/>
    <property name="user.language" value="en"/>
    <property name="awt.toolkit" value="sun.awt.windows.WToolkit"/>
    <property name="java.vm.info" value="mixed mode, sharing"/>
    <property name="java.version" value="1.8.0_141"/>
    <property name="java.ext.dirs" value="C:\Program Files (x86)\Java\jdk1.8.0_141\jre\lib\ext;C:\Windows\Sun\Java\lib\ext"/>
    <property name="sun.boot.class.path" value="C:\Program Files (x86)\Java\jdk1.8.0_141\jre\lib\resources.jar;C:\Program Files (x86)\Java\jdk1.8.0_141\jre\lib\rt.jar;C:\Program Files (x86)\Java\jdk1.8.0_141\jre\lib\sunrsasign.jar;C:\Program Files (x86)\Java\jdk1.8.0_141\jre\lib\jsse.jar;C:\Program Files (x86)\Java\jdk1.8.0_141\jre\lib\jce.jar;C:\Program Files (x86)\Java\jdk1.8.0_141\jre\lib\charsets.jar;C:\Program Files (x86)\Java\jdk1.8.0_141\jre\lib\jfr.jar;C:\Program Files (x86)\Java\jdk1.8.0_141\jre\classes"/>
    <property name="java.vendor" value="Oracle Corporation"/>
    <property name="maven.home" value="C:\Program Files\apache-maven-3.5.0\bin\.."/>
    <property name="localRepository" value="C:\Users\ad707g\.m2\repository"/>
    <property name="file.separator" value="\"/>
    <property name="java.vendor.url.bug" value="http://bugreport.sun.com/bugreport/"/>
    <property name="sun.cpu.endian" value="little"/>
    <property name="sun.io.unicode.encoding" value="UnicodeLittle"/>
    <property name="sun.desktop" value="windows"/>
    <property name="sun.cpu.isalist" value="pentium_pro+mmx pentium_pro pentium+mmx pentium i486 i386 i86"/>
  </properties>
  <testcase name="postJSONwithoutHeader{dataPostUrl=http://uebsb91kcdc.it.att.com:3904/events/OPEN-DCAE-HPOVERLAND-PPD-ALARM, recordPosition=1, jsonFile=postProcessedAlarmJSON.json}" classname="com.techm.poc.DCAEUnitTest" time="4.858"/>
  <testcase name="TestStatusCodeWithoutAuthentication{basePath=/events/UCSNMP-HEARTBEAT, recordPosition=2, baseURI=http://uebsb92sfdc.it.att.com:3904, searchPath=GfpIp-Consumerzltcmtc3njcoll02.research.att.comzltcmtc3njcoll02.research.att.comzltcmtc3njcoll02.research.att.comzltcmtc3njcoll02.research.att.comzltcmtc3njcoll02.research.att.com-overland-test/0?limit=5}" classname="com.techm.poc.DCAEUnitTest" time="29.296">
    <failure message="1 expectation failed.&#10;Expected status code &lt;200&gt; but was &lt;503&gt;.&#10;" type="java.lang.AssertionError"><![CDATA[java.lang.AssertionError: 
1 expectation failed.
Expected status code <200> but was <503>.

	at com.techm.poc.DCAEUnitTest.TestStatusCodeWithoutAuthentication(DCAEUnitTest.java:65)
]]></failure>
  </testcase>
  <testcase name="TestStatusCodeWithAuthentication{basePath=/events/com.att.dcae.dmaap.ISTFTL.DCAE-COLLECTOR-UCSNMP, recordPosition=1, baseURI=https://dcae-msrt-mtl3-istftl.research.att.com:3905, searchPath=ad707g/c1?limit=5, authenticationUser=m06681@snmpTrapCollector.dcae.att.com, authenticationPwd=0penDCAE4!}" classname="com.techm.poc.DCAEUnitTest" time="71,317.176">
    <error message="Software caused connection abort: recv failed" type="java.net.SocketException">java.net.SocketException: Software caused connection abort: recv failed
	at com.techm.poc.DCAEUnitTest.TestStatusCodeWithAuthentication(DCAEUnitTest.java:54)
</error>
  </testcase>
  <testcase name="testSchemaGivenJson{SchemaFileName=Schema_FlatironTopology_27.1.json, recordPosition=3, JSONFilePath=C:\\OsCARTest\\DCAEUnitTest\\src\\test\\resources\\flatiron_vNF.json}" classname="com.techm.poc.DCAEUnitTest" time="0.757"/>
  <testcase name="TestStatusCodeWithoutAuthentication{basePath=/events/UCSNMP-HEARTBEAT, recordPosition=1, baseURI=http://uebsb93kcdc.it.att.com:3904, searchPath=GfpIp-Consumerzltcmtc3njcoll02.research.att.comzltcmtc3njcoll02.research.att.comzltcmtc3njcoll02.research.att.comzltcmtc3njcoll02.research.att.comzltcmtc3njcoll02.research.att.com-overland-test/0?limit=5}" classname="com.techm.poc.DCAEUnitTest" time="73.635">
    <failure message="1 expectation failed.&#10;Expected status code &lt;200&gt; but was &lt;503&gt;.&#10;" type="java.lang.AssertionError"><![CDATA[java.lang.AssertionError: 
1 expectation failed.
Expected status code <200> but was <503>.

	at com.techm.poc.DCAEUnitTest.TestStatusCodeWithoutAuthentication(DCAEUnitTest.java:65)
]]></failure>
  </testcase>
  <testcase name="postJSONwithHeader{dataPostUrl=https://dcae-msrt-mtl3-istftl.research.att.com:3905/events/com.att.dcae.dmaap.ISTFTL.OPEN-DCAE-HIGHLANDPARK-EVENT-OUTPUT, recordPosition=2, jsonFile=gfpmt5pcs11.HP.Normalized.json, authenticationUser=m06680@highlandPark.dcae.att.com, authenticationPwd=0penDCAE4!}" classname="com.techm.poc.DCAEUnitTest" time="71,317.222"/>
  <testcase name="testSchemaGivenJson{SchemaFileName=Schema_CommonEventFormat_28.1.json, recordPosition=1, JSONFilePath=C:\\OsCARTest\\DCAEUnitTest\\src\\test\\resources\\gfpmt5pcs11.UCSNMP.RAW.json}" classname="com.techm.poc.DCAEUnitTest" time="0.779"/>
  <testcase name="postJSONwithHeader{dataPostUrl=https://dcae-msrt-mtl3-istftl.research.att.com:3905/events/com.att.dcae.dmaap.ISTFTL.DCAE-COLLECTOR-UCSNMP, recordPosition=1, jsonFile=gfpmt5pcs11.UCSNMP.RAW.json, authenticationUser=m06681@snmpTrapCollector.dcae.att.com, authenticationPwd=0penDCAE4!}" classname="com.techm.poc.DCAEUnitTest" time="7.152">
    <failure message="1 expectation failed.&#10;Expected status code &lt;200&gt; but was &lt;403&gt;.&#10;" type="java.lang.AssertionError"><![CDATA[java.lang.AssertionError: 
1 expectation failed.
Expected status code <200> but was <403>.

	at com.techm.poc.DCAEUnitTest.postJSONwithHeader(DCAEUnitTest.java:106)
]]></failure>
    <system-out><![CDATA[HTTP/1.1 403 Access Denied
Date: Thu, 21 Sep 2017 18:14:03 GMT
Content-Type: text/html; charset=ISO-8859-1
Cache-Control: must-revalidate,no-cache,no-store
Content-Length: 346
Server: Jetty(9.2.z-SNAPSHOT)

<html>
  <head>
    <meta http-equiv="Content-Type" content="text/html; charset=UTF-8"/>
    <title>Error 403 Access Denied</title>
  </head>
  <body>
    <h2>HTTP ERROR 403</h2>
    <p>Problem accessing /events/com.att.dcae.dmaap.ISTFTL.DCAE-COLLECTOR-UCSNMP. Reason:
</p>
    <pre>    Access Denied</pre>
    <hr/>
    <i>
      <small>Powered by Jetty://</small>
    </i>
    <hr/>
  </body>
</html>
]]></system-out>
  </testcase>
  <testcase name="TestStatusCodeWithAuthentication{basePath=/events/com.att.dcae.dmaap.ISTFTL.OPEN-DCAE-HIGHLANDPARK-EVENT-OUTPUT, recordPosition=2, baseURI=https://dcae-msrt-mtl3-istftl.research.att.com:3905, searchPath=ad707g/c1?limit=5, authenticationUser=m06680@highlandPark.dcae.att.com, authenticationPwd=0penDCAE4!}" classname="com.techm.poc.DCAEUnitTest" time="42.384"/>
  <testcase name="testSchemaGivenJson{SchemaFileName=Schema_VESNormalizedJSON_28.3.json, recordPosition=2, JSONFilePath=C:\\OsCARTest\\DCAEUnitTest\\src\\test\\resources\\gfpmt5pcs11.HP.Normalized.json}" classname="com.techm.poc.DCAEUnitTest" time="0.806"/>
  <testcase name="com.techm.poc.DCAEUnitTest" classname="com.techm.poc.DCAEUnitTest" time="0">
    <failure message="postJSONwithHeader(TestInfo [testClass=org.junit.runners.model.TestClass@e3658c, dataLoader=org.easetech.easytest.loader.XMLDataLoader@1362135, filePaths=[testData.xml], methodName=postJSONwithHeader])" type="org.junit.experimental.theories.internal.ParameterizedAssertionError">org.junit.experimental.theories.internal.ParameterizedAssertionError: postJSONwithHeader(TestInfo [testClass=org.junit.runners.model.TestClass@e3658c, dataLoader=org.easetech.easytest.loader.XMLDataLoader@1362135, filePaths=[testData.xml], methodName=postJSONwithHeader])
Caused by: java.lang.NullPointerException
</failure>
  </testcase>
</testsuite>